<?xml version="1.0" encoding="UTF-8"?>
<testsuite xmlns:xsi="http://www.w3.org/2001/XMLSchema-instance" xsi:noNamespaceSchemaLocation="https://maven.apache.org/surefire/maven-surefire-plugin/xsd/surefire-test-report.xsd" name="OnebookTests" time="0.861" tests="5" errors="3" skipped="0" failures="0">
  <properties>
    <property name="sun.desktop" value="windows"/>
    <property name="awt.toolkit" value="sun.awt.windows.WToolkit"/>
    <property name="java.specification.version" value="11"/>
    <property name="sun.cpu.isalist" value="amd64"/>
    <property name="sun.jnu.encoding" value="GBK"/>
    <property name="java.class.path" value="D:\my_java\onebooks\oneBook\target\test-classes;D:\my_java\onebooks\oneBook\target\classes;C:\Users\pc\.m2\repository\com\aliyun\oss\aliyun-sdk-oss\3.10.2\aliyun-sdk-oss-3.10.2.jar;C:\Users\pc\.m2\repository\org\apache\httpcomponents\httpclient\4.5.12\httpclient-4.5.12.jar;C:\Users\pc\.m2\repository\org\jdom\jdom2\2.0.6\jdom2-2.0.6.jar;C:\Users\pc\.m2\repository\org\codehaus\jettison\jettison\1.1\jettison-1.1.jar;C:\Users\pc\.m2\repository\stax\stax-api\1.0.1\stax-api-1.0.1.jar;C:\Users\pc\.m2\repository\com\aliyun\aliyun-java-sdk-core\3.4.0\aliyun-java-sdk-core-3.4.0.jar;C:\Users\pc\.m2\repository\com\aliyun\aliyun-java-sdk-ram\3.0.0\aliyun-java-sdk-ram-3.0.0.jar;C:\Users\pc\.m2\repository\com\aliyun\aliyun-java-sdk-sts\3.0.0\aliyun-java-sdk-sts-3.0.0.jar;C:\Users\pc\.m2\repository\com\aliyun\aliyun-java-sdk-ecs\4.2.0\aliyun-java-sdk-ecs-4.2.0.jar;C:\Users\pc\.m2\repository\com\aliyun\aliyun-java-sdk-kms\2.7.0\aliyun-java-sdk-kms-2.7.0.jar;C:\Users\pc\.m2\repository\com\google\code\gson\gson\2.8.6\gson-2.8.6.jar;C:\Users\pc\.m2\repository\com\baomidou\mybatis-plus-boot-starter\3.3.1.tmp\mybatis-plus-boot-starter-3.3.1.tmp.jar;C:\Users\pc\.m2\repository\com\baomidou\mybatis-plus\3.3.1.tmp\mybatis-plus-3.3.1.tmp.jar;C:\Users\pc\.m2\repository\com\baomidou\mybatis-plus-extension\3.3.1.tmp\mybatis-plus-extension-3.3.1.tmp.jar;C:\Users\pc\.m2\repository\com\baomidou\mybatis-plus-core\3.3.1.tmp\mybatis-plus-core-3.3.1.tmp.jar;C:\Users\pc\.m2\repository\com\baomidou\mybatis-plus-annotation\3.3.1.tmp\mybatis-plus-annotation-3.3.1.tmp.jar;C:\Users\pc\.m2\repository\com\github\jsqlparser\jsqlparser\3.1\jsqlparser-3.1.jar;C:\Users\pc\.m2\repository\org\mybatis\mybatis\3.5.3\mybatis-3.5.3.jar;C:\Users\pc\.m2\repository\org\mybatis\mybatis-spring\2.0.3\mybatis-spring-2.0.3.jar;C:\Users\pc\.m2\repository\org\springframework\boot\spring-boot-autoconfigure\2.2.7.RELEASE\spring-boot-autoconfigure-2.2.7.RELEASE.jar;C:\Users\pc\.m2\repository\org\springframework\boot\spring-boot-starter-jdbc\2.2.7.RELEASE\spring-boot-starter-jdbc-2.2.7.RELEASE.jar;C:\Users\pc\.m2\repository\com\zaxxer\HikariCP\3.4.3\HikariCP-3.4.3.jar;C:\Users\pc\.m2\repository\org\springframework\spring-jdbc\5.2.6.RELEASE\spring-jdbc-5.2.6.RELEASE.jar;C:\Users\pc\.m2\repository\org\springframework\spring-tx\5.2.6.RELEASE\spring-tx-5.2.6.RELEASE.jar;C:\Users\pc\.m2\repository\org\apache\httpcomponents\httpcore\4.4.12\httpcore-4.4.12.jar;C:\Users\pc\.m2\repository\org\springframework\boot\spring-boot-starter-web\2.2.7.RELEASE\spring-boot-starter-web-2.2.7.RELEASE.jar;C:\Users\pc\.m2\repository\org\springframework\boot\spring-boot-starter\2.2.7.RELEASE\spring-boot-starter-2.2.7.RELEASE.jar;C:\Users\pc\.m2\repository\org\springframework\boot\spring-boot-starter-logging\2.2.7.RELEASE\spring-boot-starter-logging-2.2.7.RELEASE.jar;C:\Users\pc\.m2\repository\ch\qos\logback\logback-classic\1.2.3\logback-classic-1.2.3.jar;C:\Users\pc\.m2\repository\ch\qos\logback\logback-core\1.2.3\logback-core-1.2.3.jar;C:\Users\pc\.m2\repository\org\apache\logging\log4j\log4j-to-slf4j\2.12.1\log4j-to-slf4j-2.12.1.jar;C:\Users\pc\.m2\repository\org\apache\logging\log4j\log4j-api\2.12.1\log4j-api-2.12.1.jar;C:\Users\pc\.m2\repository\org\slf4j\jul-to-slf4j\1.7.30\jul-to-slf4j-1.7.30.jar;C:\Users\pc\.m2\repository\jakarta\annotation\jakarta.annotation-api\1.3.5\jakarta.annotation-api-1.3.5.jar;C:\Users\pc\.m2\repository\org\springframework\spring-core\5.2.6.RELEASE\spring-core-5.2.6.RELEASE.jar;C:\Users\pc\.m2\repository\org\springframework\spring-jcl\5.2.6.RELEASE\spring-jcl-5.2.6.RELEASE.jar;C:\Users\pc\.m2\repository\org\yaml\snakeyaml\1.25\snakeyaml-1.25.jar;C:\Users\pc\.m2\repository\org\springframework\boot\spring-boot-starter-json\2.2.7.RELEASE\spring-boot-starter-json-2.2.7.RELEASE.jar;C:\Users\pc\.m2\repository\com\fasterxml\jackson\datatype\jackson-datatype-jdk8\2.10.4\jackson-datatype-jdk8-2.10.4.jar;C:\Users\pc\.m2\repository\com\fasterxml\jackson\datatype\jackson-datatype-jsr310\2.10.4\jackson-datatype-jsr310-2.10.4.jar;C:\Users\pc\.m2\repository\com\fasterxml\jackson\module\jackson-module-parameter-names\2.10.4\jackson-module-parameter-names-2.10.4.jar;C:\Users\pc\.m2\repository\org\springframework\boot\spring-boot-starter-tomcat\2.2.7.RELEASE\spring-boot-starter-tomcat-2.2.7.RELEASE.jar;C:\Users\pc\.m2\repository\org\apache\tomcat\embed\tomcat-embed-core\9.0.34\tomcat-embed-core-9.0.34.jar;C:\Users\pc\.m2\repository\org\apache\tomcat\embed\tomcat-embed-el\9.0.34\tomcat-embed-el-9.0.34.jar;C:\Users\pc\.m2\repository\org\apache\tomcat\embed\tomcat-embed-websocket\9.0.34\tomcat-embed-websocket-9.0.34.jar;C:\Users\pc\.m2\repository\org\springframework\boot\spring-boot-starter-validation\2.2.7.RELEASE\spring-boot-starter-validation-2.2.7.RELEASE.jar;C:\Users\pc\.m2\repository\jakarta\validation\jakarta.validation-api\2.0.2\jakarta.validation-api-2.0.2.jar;C:\Users\pc\.m2\repository\org\hibernate\validator\hibernate-validator\6.0.19.Final\hibernate-validator-6.0.19.Final.jar;C:\Users\pc\.m2\repository\org\jboss\logging\jboss-logging\3.4.1.Final\jboss-logging-3.4.1.Final.jar;C:\Users\pc\.m2\repository\com\fasterxml\classmate\1.5.1\classmate-1.5.1.jar;C:\Users\pc\.m2\repository\org\springframework\spring-web\5.2.6.RELEASE\spring-web-5.2.6.RELEASE.jar;C:\Users\pc\.m2\repository\org\springframework\spring-beans\5.2.6.RELEASE\spring-beans-5.2.6.RELEASE.jar;C:\Users\pc\.m2\repository\org\springframework\spring-webmvc\5.2.6.RELEASE\spring-webmvc-5.2.6.RELEASE.jar;C:\Users\pc\.m2\repository\org\springframework\spring-aop\5.2.6.RELEASE\spring-aop-5.2.6.RELEASE.jar;C:\Users\pc\.m2\repository\org\springframework\spring-context\5.2.6.RELEASE\spring-context-5.2.6.RELEASE.jar;C:\Users\pc\.m2\repository\org\springframework\spring-expression\5.2.6.RELEASE\spring-expression-5.2.6.RELEASE.jar;C:\Users\pc\.m2\repository\commons-lang\commons-lang\2.6\commons-lang-2.6.jar;C:\Users\pc\.m2\repository\mysql\mysql-connector-java\8.0.17\mysql-connector-java-8.0.17.jar;C:\Users\pc\.m2\repository\org\projectlombok\lombok\1.18.4\lombok-1.18.4.jar;C:\Users\pc\.m2\repository\org\apache\shiro\shiro-core\1.4.0\shiro-core-1.4.0.jar;C:\Users\pc\.m2\repository\org\apache\shiro\shiro-lang\1.4.0\shiro-lang-1.4.0.jar;C:\Users\pc\.m2\repository\org\slf4j\slf4j-api\1.7.30\slf4j-api-1.7.30.jar;C:\Users\pc\.m2\repository\org\apache\shiro\shiro-cache\1.4.0\shiro-cache-1.4.0.jar;C:\Users\pc\.m2\repository\org\apache\shiro\shiro-crypto-hash\1.4.0\shiro-crypto-hash-1.4.0.jar;C:\Users\pc\.m2\repository\org\apache\shiro\shiro-crypto-core\1.4.0\shiro-crypto-core-1.4.0.jar;C:\Users\pc\.m2\repository\org\apache\shiro\shiro-crypto-cipher\1.4.0\shiro-crypto-cipher-1.4.0.jar;C:\Users\pc\.m2\repository\org\apache\shiro\shiro-config-core\1.4.0\shiro-config-core-1.4.0.jar;C:\Users\pc\.m2\repository\org\apache\shiro\shiro-config-ogdl\1.4.0\shiro-config-ogdl-1.4.0.jar;C:\Users\pc\.m2\repository\commons-beanutils\commons-beanutils\1.9.3\commons-beanutils-1.9.3.jar;C:\Users\pc\.m2\repository\commons-collections\commons-collections\3.2.2\commons-collections-3.2.2.jar;C:\Users\pc\.m2\repository\org\apache\shiro\shiro-event\1.4.0\shiro-event-1.4.0.jar;C:\Users\pc\.m2\repository\joda-time\joda-time\2.9.9\joda-time-2.9.9.jar;C:\Users\pc\.m2\repository\org\springframework\boot\spring-boot-test\2.3.1.RELEASE\spring-boot-test-2.3.1.RELEASE.jar;C:\Users\pc\.m2\repository\org\springframework\boot\spring-boot\2.2.7.RELEASE\spring-boot-2.2.7.RELEASE.jar;C:\Users\pc\.m2\repository\junit\junit\4.12\junit-4.12.jar;C:\Users\pc\.m2\repository\org\hamcrest\hamcrest-core\2.1\hamcrest-core-2.1.jar;C:\Users\pc\.m2\repository\org\hamcrest\hamcrest\2.1\hamcrest-2.1.jar;C:\Users\pc\.m2\repository\com\itextpdf\itextpdf\5.5.13\itextpdf-5.5.13.jar;C:\Users\pc\.m2\repository\com\itextpdf\itext-asian\5.2.0\itext-asian-5.2.0.jar;C:\Users\pc\.m2\repository\org\apache\poi\poi\3.13\poi-3.13.jar;C:\Users\pc\.m2\repository\commons-codec\commons-codec\1.13\commons-codec-1.13.jar;C:\Users\pc\.m2\repository\org\apache\poi\poi-ooxml\3.13\poi-ooxml-3.13.jar;C:\Users\pc\.m2\repository\org\apache\poi\poi-ooxml-schemas\3.13\poi-ooxml-schemas-3.13.jar;C:\Users\pc\.m2\repository\org\apache\xmlbeans\xmlbeans\2.6.0\xmlbeans-2.6.0.jar;C:\Users\pc\.m2\repository\net\lingala\zip4j\zip4j\2.6.1\zip4j-2.6.1.jar;C:\Users\pc\.m2\repository\io\jsonwebtoken\jjwt\0.7.0\jjwt-0.7.0.jar;C:\Users\pc\.m2\repository\com\fasterxml\jackson\core\jackson-databind\2.10.4\jackson-databind-2.10.4.jar;C:\Users\pc\.m2\repository\com\fasterxml\jackson\core\jackson-annotations\2.10.4\jackson-annotations-2.10.4.jar;C:\Users\pc\.m2\repository\com\fasterxml\jackson\core\jackson-core\2.10.4\jackson-core-2.10.4.jar;C:\Users\pc\.m2\repository\com\google\guava\guava\20.0\guava-20.0.jar;"/>
    <property name="java.vm.vendor" value="JetBrains s.r.o"/>
    <property name="sun.arch.data.model" value="64"/>
    <property name="user.variant" value=""/>
    <property name="java.vendor.url" value="https://www.jetbrains.com/"/>
    <property name="user.timezone" value="Asia/Shanghai"/>
    <property name="java.vm.specification.version" value="11"/>
    <property name="os.name" value="Windows 10"/>
    <property name="sun.java.launcher" value="SUN_STANDARD"/>
    <property name="user.country" value="CN"/>
    <property name="sun.boot.library.path" value="C:\Program Files\JetBrains\IntelliJ IDEA 2019.3.3\jbr\bin"/>
    <property name="sun.java.command" value="C:\Users\pc\AppData\Local\Temp\surefire8207176373912031414\surefirebooter18187996606502942003.jar C:\Users\pc\AppData\Local\Temp\surefire8207176373912031414 2020-12-07T16-24-06_689-jvmRun1 surefire3309878960644804741tmp surefire_011704402843457683708tmp"/>
    <property name="jdk.debug" value="release"/>
    <property name="surefire.test.class.path" value="D:\my_java\onebooks\oneBook\target\test-classes;D:\my_java\onebooks\oneBook\target\classes;C:\Users\pc\.m2\repository\com\aliyun\oss\aliyun-sdk-oss\3.10.2\aliyun-sdk-oss-3.10.2.jar;C:\Users\pc\.m2\repository\org\apache\httpcomponents\httpclient\4.5.12\httpclient-4.5.12.jar;C:\Users\pc\.m2\repository\org\jdom\jdom2\2.0.6\jdom2-2.0.6.jar;C:\Users\pc\.m2\repository\org\codehaus\jettison\jettison\1.1\jettison-1.1.jar;C:\Users\pc\.m2\repository\stax\stax-api\1.0.1\stax-api-1.0.1.jar;C:\Users\pc\.m2\repository\com\aliyun\aliyun-java-sdk-core\3.4.0\aliyun-java-sdk-core-3.4.0.jar;C:\Users\pc\.m2\repository\com\aliyun\aliyun-java-sdk-ram\3.0.0\aliyun-java-sdk-ram-3.0.0.jar;C:\Users\pc\.m2\repository\com\aliyun\aliyun-java-sdk-sts\3.0.0\aliyun-java-sdk-sts-3.0.0.jar;C:\Users\pc\.m2\repository\com\aliyun\aliyun-java-sdk-ecs\4.2.0\aliyun-java-sdk-ecs-4.2.0.jar;C:\Users\pc\.m2\repository\com\aliyun\aliyun-java-sdk-kms\2.7.0\aliyun-java-sdk-kms-2.7.0.jar;C:\Users\pc\.m2\repository\com\google\code\gson\gson\2.8.6\gson-2.8.6.jar;C:\Users\pc\.m2\repository\com\baomidou\mybatis-plus-boot-starter\3.3.1.tmp\mybatis-plus-boot-starter-3.3.1.tmp.jar;C:\Users\pc\.m2\repository\com\baomidou\mybatis-plus\3.3.1.tmp\mybatis-plus-3.3.1.tmp.jar;C:\Users\pc\.m2\repository\com\baomidou\mybatis-plus-extension\3.3.1.tmp\mybatis-plus-extension-3.3.1.tmp.jar;C:\Users\pc\.m2\repository\com\baomidou\mybatis-plus-core\3.3.1.tmp\mybatis-plus-core-3.3.1.tmp.jar;C:\Users\pc\.m2\repository\com\baomidou\mybatis-plus-annotation\3.3.1.tmp\mybatis-plus-annotation-3.3.1.tmp.jar;C:\Users\pc\.m2\repository\com\github\jsqlparser\jsqlparser\3.1\jsqlparser-3.1.jar;C:\Users\pc\.m2\repository\org\mybatis\mybatis\3.5.3\mybatis-3.5.3.jar;C:\Users\pc\.m2\repository\org\mybatis\mybatis-spring\2.0.3\mybatis-spring-2.0.3.jar;C:\Users\pc\.m2\repository\org\springframework\boot\spring-boot-autoconfigure\2.2.7.RELEASE\spring-boot-autoconfigure-2.2.7.RELEASE.jar;C:\Users\pc\.m2\repository\org\springframework\boot\spring-boot-starter-jdbc\2.2.7.RELEASE\spring-boot-starter-jdbc-2.2.7.RELEASE.jar;C:\Users\pc\.m2\repository\com\zaxxer\HikariCP\3.4.3\HikariCP-3.4.3.jar;C:\Users\pc\.m2\repository\org\springframework\spring-jdbc\5.2.6.RELEASE\spring-jdbc-5.2.6.RELEASE.jar;C:\Users\pc\.m2\repository\org\springframework\spring-tx\5.2.6.RELEASE\spring-tx-5.2.6.RELEASE.jar;C:\Users\pc\.m2\repository\org\apache\httpcomponents\httpcore\4.4.12\httpcore-4.4.12.jar;C:\Users\pc\.m2\repository\org\springframework\boot\spring-boot-starter-web\2.2.7.RELEASE\spring-boot-starter-web-2.2.7.RELEASE.jar;C:\Users\pc\.m2\repository\org\springframework\boot\spring-boot-starter\2.2.7.RELEASE\spring-boot-starter-2.2.7.RELEASE.jar;C:\Users\pc\.m2\repository\org\springframework\boot\spring-boot-starter-logging\2.2.7.RELEASE\spring-boot-starter-logging-2.2.7.RELEASE.jar;C:\Users\pc\.m2\repository\ch\qos\logback\logback-classic\1.2.3\logback-classic-1.2.3.jar;C:\Users\pc\.m2\repository\ch\qos\logback\logback-core\1.2.3\logback-core-1.2.3.jar;C:\Users\pc\.m2\repository\org\apache\logging\log4j\log4j-to-slf4j\2.12.1\log4j-to-slf4j-2.12.1.jar;C:\Users\pc\.m2\repository\org\apache\logging\log4j\log4j-api\2.12.1\log4j-api-2.12.1.jar;C:\Users\pc\.m2\repository\org\slf4j\jul-to-slf4j\1.7.30\jul-to-slf4j-1.7.30.jar;C:\Users\pc\.m2\repository\jakarta\annotation\jakarta.annotation-api\1.3.5\jakarta.annotation-api-1.3.5.jar;C:\Users\pc\.m2\repository\org\springframework\spring-core\5.2.6.RELEASE\spring-core-5.2.6.RELEASE.jar;C:\Users\pc\.m2\repository\org\springframework\spring-jcl\5.2.6.RELEASE\spring-jcl-5.2.6.RELEASE.jar;C:\Users\pc\.m2\repository\org\yaml\snakeyaml\1.25\snakeyaml-1.25.jar;C:\Users\pc\.m2\repository\org\springframework\boot\spring-boot-starter-json\2.2.7.RELEASE\spring-boot-starter-json-2.2.7.RELEASE.jar;C:\Users\pc\.m2\repository\com\fasterxml\jackson\datatype\jackson-datatype-jdk8\2.10.4\jackson-datatype-jdk8-2.10.4.jar;C:\Users\pc\.m2\repository\com\fasterxml\jackson\datatype\jackson-datatype-jsr310\2.10.4\jackson-datatype-jsr310-2.10.4.jar;C:\Users\pc\.m2\repository\com\fasterxml\jackson\module\jackson-module-parameter-names\2.10.4\jackson-module-parameter-names-2.10.4.jar;C:\Users\pc\.m2\repository\org\springframework\boot\spring-boot-starter-tomcat\2.2.7.RELEASE\spring-boot-starter-tomcat-2.2.7.RELEASE.jar;C:\Users\pc\.m2\repository\org\apache\tomcat\embed\tomcat-embed-core\9.0.34\tomcat-embed-core-9.0.34.jar;C:\Users\pc\.m2\repository\org\apache\tomcat\embed\tomcat-embed-el\9.0.34\tomcat-embed-el-9.0.34.jar;C:\Users\pc\.m2\repository\org\apache\tomcat\embed\tomcat-embed-websocket\9.0.34\tomcat-embed-websocket-9.0.34.jar;C:\Users\pc\.m2\repository\org\springframework\boot\spring-boot-starter-validation\2.2.7.RELEASE\spring-boot-starter-validation-2.2.7.RELEASE.jar;C:\Users\pc\.m2\repository\jakarta\validation\jakarta.validation-api\2.0.2\jakarta.validation-api-2.0.2.jar;C:\Users\pc\.m2\repository\org\hibernate\validator\hibernate-validator\6.0.19.Final\hibernate-validator-6.0.19.Final.jar;C:\Users\pc\.m2\repository\org\jboss\logging\jboss-logging\3.4.1.Final\jboss-logging-3.4.1.Final.jar;C:\Users\pc\.m2\repository\com\fasterxml\classmate\1.5.1\classmate-1.5.1.jar;C:\Users\pc\.m2\repository\org\springframework\spring-web\5.2.6.RELEASE\spring-web-5.2.6.RELEASE.jar;C:\Users\pc\.m2\repository\org\springframework\spring-beans\5.2.6.RELEASE\spring-beans-5.2.6.RELEASE.jar;C:\Users\pc\.m2\repository\org\springframework\spring-webmvc\5.2.6.RELEASE\spring-webmvc-5.2.6.RELEASE.jar;C:\Users\pc\.m2\repository\org\springframework\spring-aop\5.2.6.RELEASE\spring-aop-5.2.6.RELEASE.jar;C:\Users\pc\.m2\repository\org\springframework\spring-context\5.2.6.RELEASE\spring-context-5.2.6.RELEASE.jar;C:\Users\pc\.m2\repository\org\springframework\spring-expression\5.2.6.RELEASE\spring-expression-5.2.6.RELEASE.jar;C:\Users\pc\.m2\repository\commons-lang\commons-lang\2.6\commons-lang-2.6.jar;C:\Users\pc\.m2\repository\mysql\mysql-connector-java\8.0.17\mysql-connector-java-8.0.17.jar;C:\Users\pc\.m2\repository\org\projectlombok\lombok\1.18.4\lombok-1.18.4.jar;C:\Users\pc\.m2\repository\org\apache\shiro\shiro-core\1.4.0\shiro-core-1.4.0.jar;C:\Users\pc\.m2\repository\org\apache\shiro\shiro-lang\1.4.0\shiro-lang-1.4.0.jar;C:\Users\pc\.m2\repository\org\slf4j\slf4j-api\1.7.30\slf4j-api-1.7.30.jar;C:\Users\pc\.m2\repository\org\apache\shiro\shiro-cache\1.4.0\shiro-cache-1.4.0.jar;C:\Users\pc\.m2\repository\org\apache\shiro\shiro-crypto-hash\1.4.0\shiro-crypto-hash-1.4.0.jar;C:\Users\pc\.m2\repository\org\apache\shiro\shiro-crypto-core\1.4.0\shiro-crypto-core-1.4.0.jar;C:\Users\pc\.m2\repository\org\apache\shiro\shiro-crypto-cipher\1.4.0\shiro-crypto-cipher-1.4.0.jar;C:\Users\pc\.m2\repository\org\apache\shiro\shiro-config-core\1.4.0\shiro-config-core-1.4.0.jar;C:\Users\pc\.m2\repository\org\apache\shiro\shiro-config-ogdl\1.4.0\shiro-config-ogdl-1.4.0.jar;C:\Users\pc\.m2\repository\commons-beanutils\commons-beanutils\1.9.3\commons-beanutils-1.9.3.jar;C:\Users\pc\.m2\repository\commons-collections\commons-collections\3.2.2\commons-collections-3.2.2.jar;C:\Users\pc\.m2\repository\org\apache\shiro\shiro-event\1.4.0\shiro-event-1.4.0.jar;C:\Users\pc\.m2\repository\joda-time\joda-time\2.9.9\joda-time-2.9.9.jar;C:\Users\pc\.m2\repository\org\springframework\boot\spring-boot-test\2.3.1.RELEASE\spring-boot-test-2.3.1.RELEASE.jar;C:\Users\pc\.m2\repository\org\springframework\boot\spring-boot\2.2.7.RELEASE\spring-boot-2.2.7.RELEASE.jar;C:\Users\pc\.m2\repository\junit\junit\4.12\junit-4.12.jar;C:\Users\pc\.m2\repository\org\hamcrest\hamcrest-core\2.1\hamcrest-core-2.1.jar;C:\Users\pc\.m2\repository\org\hamcrest\hamcrest\2.1\hamcrest-2.1.jar;C:\Users\pc\.m2\repository\com\itextpdf\itextpdf\5.5.13\itextpdf-5.5.13.jar;C:\Users\pc\.m2\repository\com\itextpdf\itext-asian\5.2.0\itext-asian-5.2.0.jar;C:\Users\pc\.m2\repository\org\apache\poi\poi\3.13\poi-3.13.jar;C:\Users\pc\.m2\repository\commons-codec\commons-codec\1.13\commons-codec-1.13.jar;C:\Users\pc\.m2\repository\org\apache\poi\poi-ooxml\3.13\poi-ooxml-3.13.jar;C:\Users\pc\.m2\repository\org\apache\poi\poi-ooxml-schemas\3.13\poi-ooxml-schemas-3.13.jar;C:\Users\pc\.m2\repository\org\apache\xmlbeans\xmlbeans\2.6.0\xmlbeans-2.6.0.jar;C:\Users\pc\.m2\repository\net\lingala\zip4j\zip4j\2.6.1\zip4j-2.6.1.jar;C:\Users\pc\.m2\repository\io\jsonwebtoken\jjwt\0.7.0\jjwt-0.7.0.jar;C:\Users\pc\.m2\repository\com\fasterxml\jackson\core\jackson-databind\2.10.4\jackson-databind-2.10.4.jar;C:\Users\pc\.m2\repository\com\fasterxml\jackson\core\jackson-annotations\2.10.4\jackson-annotations-2.10.4.jar;C:\Users\pc\.m2\repository\com\fasterxml\jackson\core\jackson-core\2.10.4\jackson-core-2.10.4.jar;C:\Users\pc\.m2\repository\com\google\guava\guava\20.0\guava-20.0.jar;"/>
    <property name="sun.cpu.endian" value="little"/>
    <property name="user.home" value="C:\Users\pc"/>
    <property name="user.language" value="zh"/>
    <property name="java.specification.vendor" value="Oracle Corporation"/>
    <property name="java.version.date" value="2019-10-15"/>
    <property name="java.home" value="C:\Program Files\JetBrains\IntelliJ IDEA 2019.3.3\jbr"/>
    <property name="file.separator" value="\"/>
    <property name="basedir" value="D:\my_java\onebooks\oneBook"/>
    <property name="java.vm.compressedOopsMode" value="32-bit"/>
    <property name="line.separator" value="&#10;"/>
    <property name="java.specification.name" value="Java Platform API Specification"/>
    <property name="java.vm.specification.vendor" value="Oracle Corporation"/>
    <property name="java.awt.graphicsenv" value="sun.awt.Win32GraphicsEnvironment"/>
    <property name="surefire.real.class.path" value="C:\Users\pc\AppData\Local\Temp\surefire8207176373912031414\surefirebooter18187996606502942003.jar"/>
    <property name="user.script" value=""/>
    <property name="sun.management.compiler" value="HotSpot 64-Bit Tiered Compilers"/>
    <property name="java.runtime.version" value="11.0.5+10-b520.38"/>
    <property name="user.name" value="pc"/>
    <property name="path.separator" value=";"/>
    <property name="os.version" value="10.0"/>
    <property name="java.runtime.name" value="OpenJDK Runtime Environment"/>
    <property name="file.encoding" value="GBK"/>
    <property name="java.vm.name" value="OpenJDK 64-Bit Server VM"/>
    <property name="localRepository" value="C:\Users\pc\.m2\repository"/>
    <property name="java.vendor.url.bug" value="https://youtrack.jetbrains.com"/>
    <property name="java.io.tmpdir" value="C:\Users\pc\AppData\Local\Temp\"/>
    <property name="java.version" value="11.0.5"/>
    <property name="user.dir" value="D:\my_java\onebooks\oneBook"/>
    <property name="os.arch" value="amd64"/>
    <property name="java.vm.specification.name" value="Java Virtual Machine Specification"/>
    <property name="java.awt.printerjob" value="sun.awt.windows.WPrinterJob"/>
    <property name="sun.os.patch.level" value=""/>
    <property name="idea.version2019.3.3" value="true"/>
    <property name="java.library.path" value="C:\Program Files\JetBrains\IntelliJ IDEA 2019.3.3\jbr\bin;C:\Windows\Sun\Java\bin;C:\Windows\system32;C:\Windows;C:\Windows\system32;C:\Windows;C:\Windows\System32\Wbem;C:\Windows\System32\WindowsPowerShell\v1.0\;C:\Windows\System32\OpenSSH\;C:\Program Files\nodejs\;C:\Program Files\Git\cmd;C:\Users\pc\AppData\Local\Microsoft\WindowsApps;;C:\Program Files\JetBrains\WebStorm 2019.1\bin;;C:\Program Files\JetBrains\IntelliJ IDEA 2019.3.3\bin;;C:\Users\pc\AppData\Roaming\npm;."/>
    <property name="java.vendor" value="JetBrains s.r.o"/>
    <property name="java.vm.info" value="mixed mode, sharing"/>
    <property name="java.vm.version" value="11.0.5+10-b520.38"/>
    <property name="sun.io.unicode.encoding" value="UnicodeLittle"/>
    <property name="java.class.version" value="55.0"/>
  </properties>
  <testcase name="testUploaded" classname="OnebookTests" time="0.451">
    <error message="D:\test.xls (系统找不到指定的文件。)" type="java.io.FileNotFoundException">java.io.FileNotFoundException: D:\test.xls (系统找不到指定的文件。)
	at OnebookTests.testUploaded(OnebookTests.java:401)
</error>
  </testcase>
  <testcase name="testZip" classname="OnebookTests" time="0">
    <error message="D:\test.xls (系统找不到指定的文件。)" type="java.io.FileNotFoundException">java.io.FileNotFoundException: D:\test.xls (系统找不到指定的文件。)
	at OnebookTests.testZip(OnebookTests.java:293)
</error>
  </testcase>
  <testcase name="testDate" classname="OnebookTests" time="0"/>
  <testcase name="testStream" classname="OnebookTests" time="0.001">
    <error message="D:\test.xls (系统找不到指定的文件。)" type="java.io.FileNotFoundException">java.io.FileNotFoundException: D:\test.xls (系统找不到指定的文件。)
	at OnebookTests.testStream(OnebookTests.java:347)
</error>
  </testcase>
  <testcase name="testItextPdf" classname="OnebookTests" time="0.347"/>
</testsuite>